C:\lscc\diamond\3.13\synpbase\bin64\c_hdl.exe  -osyn  C:\Users\p2119\Desktop\FPGA_CrossLink_LIF_MD6000_DSI_to_OLED\impl_1280x1024\synwork\FPGA_CrossLink_LIF_MD6000_DSI_to_OLED_impl_1280x1024_comp.srs  -top  mipi2parallel_top  -hdllog  C:\Users\p2119\Desktop\FPGA_CrossLink_LIF_MD6000_DSI_to_OLED\impl_1280x1024\synlog\FPGA_CrossLink_LIF_MD6000_DSI_to_OLED_impl_1280x1024_compiler.srr  -encrypt  -mp  4  -verification_mode 0  -verilog  -prodtype  synplify_pro  -fixsmult -infer_seqShift -nram -sdff_counter -divnmod -nostructver  -lattice   -I C:\Users\p2119\Desktop\FPGA_CrossLink_LIF_MD6000_DSI_to_OLED\impl_1280x1024\source\include  -I C:\Users\p2119\Desktop\FPGA_CrossLink_LIF_MD6000_DSI_to_OLED  -I C:\Users\p2119\Desktop\FPGA_CrossLink_LIF_MD6000_DSI_to_OLED\impl_1280x1024\  -I C:\lscc\diamond\3.13\synpbase\lib   -v2001  -devicelib  C:\lscc\diamond\3.13\synpbase\lib\lucent\lifmd.v  -devicelib  C:\lscc\diamond\3.13\synpbase\lib\lucent\pmi_def.v  -encrypt  -pro    -DSBP_SYNTHESIS    -dmgen  C:\Users\p2119\Desktop\FPGA_CrossLink_LIF_MD6000_DSI_to_OLED\impl_1280x1024\dm  -ui -fid2 -ram -sharing on -ll 2000 -autosm  -D_MULTIPLE_FILE_COMPILATION_UNIT_  -lib work -fv2001 C:\Users\p2119\Desktop\FPGA_CrossLink_LIF_MD6000_DSI_to_OLED\impl_1280x1024\source\synthesis_directives.v -lib work -fv2001 C:\Users\p2119\Desktop\FPGA_CrossLink_LIF_MD6000_DSI_to_OLED\impl_1280x1024\ip_cores\ip_cores\b2p\b2p.v -lib work -fv2001 C:\Users\p2119\Desktop\FPGA_CrossLink_LIF_MD6000_DSI_to_OLED\impl_1280x1024\ip_cores\ip_cores\b2p\b2p_byte2pixel_bb.v -lib work -fv2001 C:\Users\p2119\Desktop\FPGA_CrossLink_LIF_MD6000_DSI_to_OLED\impl_1280x1024\ip_cores\ip_cores\int_pll\int_pll.v -lib work -fv2001 C:\Users\p2119\Desktop\FPGA_CrossLink_LIF_MD6000_DSI_to_OLED\impl_1280x1024\ip_cores\ip_cores\rx_dphy\rx_dphy.v -lib work -fv2001 C:\Users\p2119\Desktop\FPGA_CrossLink_LIF_MD6000_DSI_to_OLED\impl_1280x1024\ip_cores\ip_cores\rx_dphy\rx_dphy_dphy_rx.v -lib work -fv2001 C:\Users\p2119\Desktop\FPGA_CrossLink_LIF_MD6000_DSI_to_OLED\impl_1280x1024\ip_cores\ip_cores\rx_dphy\rx_dphy_dphy_wrapper.v -lib work -fv2001 C:\Users\p2119\Desktop\FPGA_CrossLink_LIF_MD6000_DSI_to_OLED\impl_1280x1024\ip_cores\ip_cores\rx_dphy\rx_dphy_capture_ctrl_bb.v -lib work -fv2001 C:\Users\p2119\Desktop\FPGA_CrossLink_LIF_MD6000_DSI_to_OLED\impl_1280x1024\ip_cores\ip_cores\rx_dphy\rx_dphy_dphy_rx_wrap_bb.v -lib work -fv2001 C:\Users\p2119\Desktop\FPGA_CrossLink_LIF_MD6000_DSI_to_OLED\impl_1280x1024\ip_cores\ip_cores\rx_dphy\rx_dphy_rx_global_ctrl_bb.v -lib work -fv2001 C:\Users\p2119\Desktop\FPGA_CrossLink_LIF_MD6000_DSI_to_OLED\impl_1280x1024\ip_cores\ip_cores\rx_dphy\rx_dphy_soft_dphy_rx_bb.v -lib work -fv2001 C:\Users\p2119\Desktop\FPGA_CrossLink_LIF_MD6000_DSI_to_OLED\impl_1280x1024\ip_cores\ip_cores\ip_cores.v -lib work -fv2001 C:\Users\p2119\Desktop\FPGA_CrossLink_LIF_MD6000_DSI_to_OLED\impl_1280x1024\source\mipi2parallel.v -lib work -fv2001 C:\Users\p2119\Desktop\FPGA_CrossLink_LIF_MD6000_DSI_to_OLED\impl_1280x1024\source\mipi2parallel_top.v  -jobname  "compiler" 
relcom:..\..\..\..\..\..\lscc\diamond\3.13\synpbase\bin64\c_hdl.exe -osyn ..\synwork\FPGA_CrossLink_LIF_MD6000_DSI_to_OLED_impl_1280x1024_comp.srs -top mipi2parallel_top -hdllog ..\synlog\FPGA_CrossLink_LIF_MD6000_DSI_to_OLED_impl_1280x1024_compiler.srr -encrypt -mp 4 -verification_mode 0 -verilog -prodtype synplify_pro -fixsmult -infer_seqShift -nram -sdff_counter -divnmod -nostructver -lattice -I ..\source\include -I ..\..\..\FPGA_CrossLink_LIF_MD6000_DSI_to_OLED -I ..\ -I ..\..\..\..\..\..\lscc\diamond\3.13\synpbase\lib -v2001 -devicelib ..\..\..\..\..\..\lscc\diamond\3.13\synpbase\lib\lucent\lifmd.v -devicelib ..\..\..\..\..\..\lscc\diamond\3.13\synpbase\lib\lucent\pmi_def.v -encrypt -pro -DSBP_SYNTHESIS -dmgen ..\dm -ui -fid2 -ram -sharing on -ll 2000 -autosm -D_MULTIPLE_FILE_COMPILATION_UNIT_ -lib work -fv2001 ..\source\synthesis_directives.v -lib work -fv2001 ..\ip_cores\ip_cores\b2p\b2p.v -lib work -fv2001 ..\ip_cores\ip_cores\b2p\b2p_byte2pixel_bb.v -lib work -fv2001 ..\ip_cores\ip_cores\int_pll\int_pll.v -lib work -fv2001 ..\ip_cores\ip_cores\rx_dphy\rx_dphy.v -lib work -fv2001 ..\ip_cores\ip_cores\rx_dphy\rx_dphy_dphy_rx.v -lib work -fv2001 ..\ip_cores\ip_cores\rx_dphy\rx_dphy_dphy_wrapper.v -lib work -fv2001 ..\ip_cores\ip_cores\rx_dphy\rx_dphy_capture_ctrl_bb.v -lib work -fv2001 ..\ip_cores\ip_cores\rx_dphy\rx_dphy_dphy_rx_wrap_bb.v -lib work -fv2001 ..\ip_cores\ip_cores\rx_dphy\rx_dphy_rx_global_ctrl_bb.v -lib work -fv2001 ..\ip_cores\ip_cores\rx_dphy\rx_dphy_soft_dphy_rx_bb.v -lib work -fv2001 ..\ip_cores\ip_cores\ip_cores.v -lib work -fv2001 ..\source\mipi2parallel.v -lib work -fv2001 ..\source\mipi2parallel_top.v -jobname "compiler"
rc:0 success:1 runtime:2
file:..\synwork\fpga_crosslink_lif_md6000_dsi_to_oled_impl_1280x1024_comp.srs|io:o|time:1725362722|size:36147|exec:0|csum:
file:..\synlog\fpga_crosslink_lif_md6000_dsi_to_oled_impl_1280x1024_compiler.srr|io:o|time:1725362722|size:21717|exec:0|csum:
file:..\..\..\..\..\..\lscc\diamond\3.13\synpbase\lib\lucent\lifmd.v|io:i|time:1692658352|size:38946|exec:0|csum:60CF8E0F189DFC7A2FC74A61B22B3D76
file:..\..\..\..\..\..\lscc\diamond\3.13\synpbase\lib\lucent\pmi_def.v|io:i|time:1691665002|size:40584|exec:0|csum:62845CEC2BB6FEBE1BA059B1E18015F4
file:.\-fv2001|io:i|time:0|size:-1|exec:0|csum:
file:..\source\synthesis_directives.v|io:i|time:1725359219|size:2606|exec:0|csum:87F26C8BAF37A262CCE4388018C14D12
file:.\-fv2001|io:i|time:0|size:-1|exec:0|csum:
file:..\ip_cores\ip_cores\b2p\b2p.v|io:i|time:1725360505|size:2957|exec:0|csum:1BAE868042EB95105DF6480A33929945
file:.\-fv2001|io:i|time:0|size:-1|exec:0|csum:
file:..\ip_cores\ip_cores\b2p\b2p_byte2pixel_bb.v|io:i|time:1725360506|size:1654|exec:0|csum:F22E07E36998B837569A7F4CC8FC6393
file:.\-fv2001|io:i|time:0|size:-1|exec:0|csum:
file:..\ip_cores\ip_cores\int_pll\int_pll.v|io:i|time:1725360554|size:3781|exec:0|csum:0D7856375AFE43B4DD968A19B0535FA9
file:.\-fv2001|io:i|time:0|size:-1|exec:0|csum:
file:..\ip_cores\ip_cores\rx_dphy\rx_dphy.v|io:i|time:1725360369|size:8070|exec:0|csum:0A7ED449C1B0DD40473386E88B0ABCB8
file:.\-fv2001|io:i|time:0|size:-1|exec:0|csum:
file:..\ip_cores\ip_cores\rx_dphy\rx_dphy_dphy_rx.v|io:i|time:1725360369|size:22023|exec:0|csum:29A4A2588D515FE7F2136A699EB6963B
file:.\-fv2001|io:i|time:0|size:-1|exec:0|csum:
file:..\ip_cores\ip_cores\rx_dphy\rx_dphy_dphy_wrapper.v|io:i|time:1725360369|size:20835|exec:0|csum:1D2BB3F233AEE18402EAB354430CDAB3
file:.\-fv2001|io:i|time:0|size:-1|exec:0|csum:
file:..\ip_cores\ip_cores\rx_dphy\rx_dphy_capture_ctrl_bb.v|io:i|time:1725360369|size:2433|exec:0|csum:24D888D0DB53B964638C9EFBCE2CAB2F
file:.\-fv2001|io:i|time:0|size:-1|exec:0|csum:
file:..\ip_cores\ip_cores\rx_dphy\rx_dphy_dphy_rx_wrap_bb.v|io:i|time:1725360369|size:1550|exec:0|csum:E96BACE2A78742F30C945C4223275CD5
file:.\-fv2001|io:i|time:0|size:-1|exec:0|csum:
file:..\ip_cores\ip_cores\rx_dphy\rx_dphy_rx_global_ctrl_bb.v|io:i|time:1725360369|size:3233|exec:0|csum:B9D7B15546B71209A2AF8ECBE20EA820
file:.\-fv2001|io:i|time:0|size:-1|exec:0|csum:
file:..\ip_cores\ip_cores\rx_dphy\rx_dphy_soft_dphy_rx_bb.v|io:i|time:1725360369|size:2152|exec:0|csum:B5BF03DEEEEBA98FC355DCBFCA8BE325
file:.\-fv2001|io:i|time:0|size:-1|exec:0|csum:
file:..\ip_cores\ip_cores\ip_cores.v|io:i|time:1725360554|size:6419|exec:0|csum:7A2CC8CA26FA1F955E49697476DDFCA0
file:.\-fv2001|io:i|time:0|size:-1|exec:0|csum:
file:..\source\mipi2parallel.v|io:i|time:1702631523|size:13218|exec:0|csum:7F3D36B35C6D4F92782AD30416F7318C
file:.\-fv2001|io:i|time:0|size:-1|exec:0|csum:
file:..\source\mipi2parallel_top.v|io:i|time:1725357510|size:8945|exec:0|csum:6EF7E4D1BB2DFCC37AFFE432B5230CE4
file:..\..\..\..\..\..\lscc\diamond\3.13\synpbase\bin64\c_hdl.exe|io:i|time:1691657022|size:7462400|exec:1|csum:94C8F48B2D70AC7BA2E9C211B1E4F4C0
