C:\lscc\diamond\3.13\synpbase\bin64\c_hdl.exe  -osyn  C:\Users\p2119\Desktop\FPGA_CrossLink_LIF_MD6000_DSI_to_OLED\impl_800x600\synwork\FPGA_CrossLink_LIF_MD6000_DSI_to_OLED_impl_800x600_comp.srs  -top  mipi2parallel_top  -hdllog  C:\Users\p2119\Desktop\FPGA_CrossLink_LIF_MD6000_DSI_to_OLED\impl_800x600\synlog\FPGA_CrossLink_LIF_MD6000_DSI_to_OLED_impl_800x600_compiler.srr  -encrypt  -mp  4  -verification_mode 0  -verilog  -prodtype  synplify_pro  -fixsmult -infer_seqShift -nram -sdff_counter -divnmod -nostructver  -lattice   -I C:\Users\p2119\Desktop\FPGA_CrossLink_LIF_MD6000_DSI_to_OLED  -I C:\Users\p2119\Desktop\FPGA_CrossLink_LIF_MD6000_DSI_to_OLED\impl_800x600\  -I C:\lscc\diamond\3.13\synpbase\lib   -v2001  -devicelib  C:\lscc\diamond\3.13\synpbase\lib\lucent\lifmd.v  -devicelib  C:\lscc\diamond\3.13\synpbase\lib\lucent\pmi_def.v  -encrypt  -pro    -DSBP_SYNTHESIS    -dmgen  C:\Users\p2119\Desktop\FPGA_CrossLink_LIF_MD6000_DSI_to_OLED\impl_800x600\dm  -ui -fid2 -ram -sharing on -ll 2000 -autosm  -D_MULTIPLE_FILE_COMPILATION_UNIT_  -lib work -fv2001 C:\Users\p2119\Desktop\FPGA_CrossLink_LIF_MD6000_DSI_to_OLED\impl_800x600\source\synthesis_directives.v -lib work -fv2001 C:\Users\p2119\Desktop\FPGA_CrossLink_LIF_MD6000_DSI_to_OLED\impl_800x600\ip_cores\ip_cores\b2p\b2p.v -lib work -fv2001 C:\Users\p2119\Desktop\FPGA_CrossLink_LIF_MD6000_DSI_to_OLED\impl_800x600\ip_cores\ip_cores\b2p\b2p_byte2pixel_bb.v -lib work -fv2001 C:\Users\p2119\Desktop\FPGA_CrossLink_LIF_MD6000_DSI_to_OLED\impl_800x600\ip_cores\ip_cores\int_pll\int_pll.v -lib work -fv2001 C:\Users\p2119\Desktop\FPGA_CrossLink_LIF_MD6000_DSI_to_OLED\impl_800x600\ip_cores\ip_cores\rx_dphy\rx_dphy.v -lib work -fv2001 C:\Users\p2119\Desktop\FPGA_CrossLink_LIF_MD6000_DSI_to_OLED\impl_800x600\ip_cores\ip_cores\rx_dphy\rx_dphy_dphy_rx.v -lib work -fv2001 C:\Users\p2119\Desktop\FPGA_CrossLink_LIF_MD6000_DSI_to_OLED\impl_800x600\ip_cores\ip_cores\rx_dphy\rx_dphy_dphy_wrapper.v -lib work -fv2001 C:\Users\p2119\Desktop\FPGA_CrossLink_LIF_MD6000_DSI_to_OLED\impl_800x600\ip_cores\ip_cores\rx_dphy\rx_dphy_capture_ctrl_bb.v -lib work -fv2001 C:\Users\p2119\Desktop\FPGA_CrossLink_LIF_MD6000_DSI_to_OLED\impl_800x600\ip_cores\ip_cores\rx_dphy\rx_dphy_dphy_rx_wrap_bb.v -lib work -fv2001 C:\Users\p2119\Desktop\FPGA_CrossLink_LIF_MD6000_DSI_to_OLED\impl_800x600\ip_cores\ip_cores\rx_dphy\rx_dphy_rx_global_ctrl_bb.v -lib work -fv2001 C:\Users\p2119\Desktop\FPGA_CrossLink_LIF_MD6000_DSI_to_OLED\impl_800x600\ip_cores\ip_cores\rx_dphy\rx_dphy_soft_dphy_rx_bb.v -lib work -fv2001 C:\Users\p2119\Desktop\FPGA_CrossLink_LIF_MD6000_DSI_to_OLED\impl_800x600\ip_cores\ip_cores\ip_cores.v -lib work -fv2001 C:\Users\p2119\Desktop\FPGA_CrossLink_LIF_MD6000_DSI_to_OLED\impl_800x600\source\mipi2parallel.v -lib work -fv2001 C:\Users\p2119\Desktop\FPGA_CrossLink_LIF_MD6000_DSI_to_OLED\impl_800x600\source\mipi2parallel_top.v  -jobname  "compiler" 
relcom:..\..\..\..\..\..\lscc\diamond\3.13\synpbase\bin64\c_hdl.exe -osyn ..\synwork\FPGA_CrossLink_LIF_MD6000_DSI_to_OLED_impl_800x600_comp.srs -top mipi2parallel_top -hdllog ..\synlog\FPGA_CrossLink_LIF_MD6000_DSI_to_OLED_impl_800x600_compiler.srr -encrypt -mp 4 -verification_mode 0 -verilog -prodtype synplify_pro -fixsmult -infer_seqShift -nram -sdff_counter -divnmod -nostructver -lattice -I ..\..\..\FPGA_CrossLink_LIF_MD6000_DSI_to_OLED -I ..\ -I ..\..\..\..\..\..\lscc\diamond\3.13\synpbase\lib -v2001 -devicelib ..\..\..\..\..\..\lscc\diamond\3.13\synpbase\lib\lucent\lifmd.v -devicelib ..\..\..\..\..\..\lscc\diamond\3.13\synpbase\lib\lucent\pmi_def.v -encrypt -pro -DSBP_SYNTHESIS -dmgen ..\dm -ui -fid2 -ram -sharing on -ll 2000 -autosm -D_MULTIPLE_FILE_COMPILATION_UNIT_ -lib work -fv2001 ..\source\synthesis_directives.v -lib work -fv2001 ..\ip_cores\ip_cores\b2p\b2p.v -lib work -fv2001 ..\ip_cores\ip_cores\b2p\b2p_byte2pixel_bb.v -lib work -fv2001 ..\ip_cores\ip_cores\int_pll\int_pll.v -lib work -fv2001 ..\ip_cores\ip_cores\rx_dphy\rx_dphy.v -lib work -fv2001 ..\ip_cores\ip_cores\rx_dphy\rx_dphy_dphy_rx.v -lib work -fv2001 ..\ip_cores\ip_cores\rx_dphy\rx_dphy_dphy_wrapper.v -lib work -fv2001 ..\ip_cores\ip_cores\rx_dphy\rx_dphy_capture_ctrl_bb.v -lib work -fv2001 ..\ip_cores\ip_cores\rx_dphy\rx_dphy_dphy_rx_wrap_bb.v -lib work -fv2001 ..\ip_cores\ip_cores\rx_dphy\rx_dphy_rx_global_ctrl_bb.v -lib work -fv2001 ..\ip_cores\ip_cores\rx_dphy\rx_dphy_soft_dphy_rx_bb.v -lib work -fv2001 ..\ip_cores\ip_cores\ip_cores.v -lib work -fv2001 ..\source\mipi2parallel.v -lib work -fv2001 ..\source\mipi2parallel_top.v -jobname "compiler"
rc:0 success:1 runtime:2
file:..\synwork\fpga_crosslink_lif_md6000_dsi_to_oled_impl_800x600_comp.srs|io:o|time:1725359446|size:35968|exec:0|csum:
file:..\synlog\fpga_crosslink_lif_md6000_dsi_to_oled_impl_800x600_compiler.srr|io:o|time:1725359446|size:21579|exec:0|csum:
file:..\..\..\..\..\..\lscc\diamond\3.13\synpbase\lib\lucent\lifmd.v|io:i|time:1692658352|size:38946|exec:0|csum:60CF8E0F189DFC7A2FC74A61B22B3D76
file:..\..\..\..\..\..\lscc\diamond\3.13\synpbase\lib\lucent\pmi_def.v|io:i|time:1691665002|size:40584|exec:0|csum:62845CEC2BB6FEBE1BA059B1E18015F4
file:.\-fv2001|io:i|time:0|size:-1|exec:0|csum:
file:..\source\synthesis_directives.v|io:i|time:1725359219|size:2606|exec:0|csum:87F26C8BAF37A262CCE4388018C14D12
file:.\-fv2001|io:i|time:0|size:-1|exec:0|csum:
file:..\ip_cores\ip_cores\b2p\b2p.v|io:i|time:1725351853|size:2957|exec:0|csum:784102B0AA2A16A818C62C52173437AF
file:.\-fv2001|io:i|time:0|size:-1|exec:0|csum:
file:..\ip_cores\ip_cores\b2p\b2p_byte2pixel_bb.v|io:i|time:1725351853|size:1654|exec:0|csum:04530E90B91722FCE8C392C61E76A6B4
file:.\-fv2001|io:i|time:0|size:-1|exec:0|csum:
file:..\ip_cores\ip_cores\int_pll\int_pll.v|io:i|time:1725356842|size:3776|exec:0|csum:EE28B97C8C1FC2F1ECA9B94646E1DCAD
file:.\-fv2001|io:i|time:0|size:-1|exec:0|csum:
file:..\ip_cores\ip_cores\rx_dphy\rx_dphy.v|io:i|time:1725351586|size:8070|exec:0|csum:F6CFB70C16D3EDD331946F74D3D2D2D2
file:.\-fv2001|io:i|time:0|size:-1|exec:0|csum:
file:..\ip_cores\ip_cores\rx_dphy\rx_dphy_dphy_rx.v|io:i|time:1725351586|size:22023|exec:0|csum:D2F0D71CEC71C0F9E6D453055D3AF1C8
file:.\-fv2001|io:i|time:0|size:-1|exec:0|csum:
file:..\ip_cores\ip_cores\rx_dphy\rx_dphy_dphy_wrapper.v|io:i|time:1725351586|size:20835|exec:0|csum:147B72780E4E4F0949CCF4C366A9C562
file:.\-fv2001|io:i|time:0|size:-1|exec:0|csum:
file:..\ip_cores\ip_cores\rx_dphy\rx_dphy_capture_ctrl_bb.v|io:i|time:1725351586|size:2433|exec:0|csum:94E8F7C34D397A32FDAD308BF28120C9
file:.\-fv2001|io:i|time:0|size:-1|exec:0|csum:
file:..\ip_cores\ip_cores\rx_dphy\rx_dphy_dphy_rx_wrap_bb.v|io:i|time:1725351586|size:1550|exec:0|csum:5084D085C36EF9138F8BDDD9E7671635
file:.\-fv2001|io:i|time:0|size:-1|exec:0|csum:
file:..\ip_cores\ip_cores\rx_dphy\rx_dphy_rx_global_ctrl_bb.v|io:i|time:1725351586|size:3233|exec:0|csum:78E0CC6C2B189577F32D2885A3D99C98
file:.\-fv2001|io:i|time:0|size:-1|exec:0|csum:
file:..\ip_cores\ip_cores\rx_dphy\rx_dphy_soft_dphy_rx_bb.v|io:i|time:1725351586|size:2152|exec:0|csum:8F36F4FFECE50269BFE04F32CF682D4B
file:.\-fv2001|io:i|time:0|size:-1|exec:0|csum:
file:..\ip_cores\ip_cores\ip_cores.v|io:i|time:1725356842|size:6419|exec:0|csum:7A2CC8CA26FA1F955E49697476DDFCA0
file:.\-fv2001|io:i|time:0|size:-1|exec:0|csum:
file:..\source\mipi2parallel.v|io:i|time:1702631523|size:13218|exec:0|csum:7F3D36B35C6D4F92782AD30416F7318C
file:.\-fv2001|io:i|time:0|size:-1|exec:0|csum:
file:..\source\mipi2parallel_top.v|io:i|time:1725357510|size:8945|exec:0|csum:6EF7E4D1BB2DFCC37AFFE432B5230CE4
file:..\..\..\..\..\..\lscc\diamond\3.13\synpbase\bin64\c_hdl.exe|io:i|time:1691657022|size:7462400|exec:1|csum:94C8F48B2D70AC7BA2E9C211B1E4F4C0
