=============================================================================
Filelist generated by IPexpress/Clarity    09/03/2024    10:24:47          
Filename: b2p_filelist.log                                         
Copyright(c) 2015 Lattice Semiconductor Corporation. All rights reserved.   
=============================================================================

-----------------------------------------------------------------------------
Basic IP Core Files
Output Directory: C:/Users/p2119/Desktop/FPGA_CrossLink_LIF_MD6000_DSI_to_OLED/impl_800x600/ip_cores/ip_cores/b2p 
-----------------------------------------------------------------------------
  b2p.lpc                      : IP ispLEVER LPC File
  b2p.v                        : IP Verilog Top Module
  b2p_wrap.v                   : IP Verilog Top Module with decreased IOs to pass PAR
  b2p_byte2pixel_bb.v          : IP Verilog Black-box for Synthesis
  b2p_byte2pixel.v             : IP Verilog Submodule for Simulation
  b2p_gen.log                  : IP Status Log
  b2p_generate.log             : IP Generate Log
ngo files:
  b2p_byte2pixel.ngo
  pmi_ram_dpLbnonessdr48384838p1329f73b.ngo

-----------------------------------------------------------------------------
Supplemental Implementation and Simulation Files:
 
Testbench files common to all Byte to Pixel Converter configurations
    ../C:/Users/p2119/Desktop/FPGA_CrossLink_LIF_MD6000_DSI_to_OLED/impl_800x600/ip_cores/ip_cores/b2p/byte2pixel_eval/testbench 
 
Models common to all Byte to Pixel Converter configurations
    ../C:/Users/p2119/Desktop/FPGA_CrossLink_LIF_MD6000_DSI_to_OLED/impl_800x600/ip_cores/ip_cores/b2p/byte2pixel_eval/models/lifmd 
 
Simulation files specific to b2p configuration
    ../C:/Users/p2119/Desktop/FPGA_CrossLink_LIF_MD6000_DSI_to_OLED/impl_800x600/ip_cores/ip_cores/b2p/byte2pixel_eval/b2p/sim/modelsim 
    ../C:/Users/p2119/Desktop/FPGA_CrossLink_LIF_MD6000_DSI_to_OLED/impl_800x600/ip_cores/ip_cores/b2p/byte2pixel_eval/b2p/sim/aldec 
 
Implementation files specific to b2p configuration
    ../C:/Users/p2119/Desktop/FPGA_CrossLink_LIF_MD6000_DSI_to_OLED/impl_800x600/ip_cores/ip_cores/b2p/byte2pixel_eval/b2p/impl 

